platforms/android/app/build/outputs/logs/manifest-merger-debug-report.txt
-- Merging decision tree log ---
manifest
ADDED from src/main/AndroidManifest.xml:2:1-13:12
INJECTED from src/main/AndroidManifest.xml:2:1-13:12
INJECTED from src/main/AndroidManifest.xml:2:1-13:12
INJECTED from src/main/AndroidManifest.xml:2:1-13:12
MERGED from [com.github.friendlyscore.fs-android-sdk:friendlyscore-connect:1.0.13] AndroidManifest.xml:2:1-18:12
MERGED from [:CordovaLib] AndroidManifest.xml:20:1-27:12
MERGED from [com.github.friendlyscore.fs-android-sdk:openbanking:1.0.13] AndroidManifest.xml:2:1-89:12
MERGED from [com.github.friendlyscore.fs-android-sdk:fsbase-sdk:1.0.13] AndroidManifest.xml:2:1-22:12
MERGED from [com.google.android.material:material:1.0.0] AndroidManifest.xml:17:1-24:12
MERGED from [androidx.appcompat:appcompat:1.1.0] AndroidManifest.xml:17:1-24:12
MERGED from [androidx.core:core-ktx:1.1.0] AndroidManifest.xml:2:1-9:12
MERGED from [androidx.multidex:multidex:2.0.0] AndroidManifest.xml:17:1-22:12
MERGED from [androidx.legacy:legacy-support-v4:1.0.0] AndroidManifest.xml:17:1-22:12
MERGED from [androidx.recyclerview:recyclerview:1.0.0] AndroidManifest.xml:17:1-22:12
MERGED from [androidx.constraintlayout:constraintlayout:1.1.3] AndroidManifest.xml:2:1-11:12
MERGED from [androidx.lifecycle:lifecycle-extensions:2.0.0] AndroidManifest.xml:17:1-25:12
MERGED from [androidx.fragment:fragment:1.1.0] AndroidManifest.xml:17:1-24:12
MERGED from [androidx.appcompat:appcompat-resources:1.1.0] AndroidManifest.xml:17:1-24:12
MERGED from [androidx.legacy:legacy-support-core-ui:1.0.0] AndroidManifest.xml:17:1-22:12
MERGED from [androidx.drawerlayout:drawerlayout:1.0.0] AndroidManifest.xml:17:1-22:12
MERGED from [androidx.media:media:1.0.0] AndroidManifest.xml:17:1-22:12
MERGED from [androidx.legacy:legacy-support-core-utils:1.0.0] AndroidManifest.xml:17:1-22:12
MERGED from [androidx.transition:transition:1.0.0] AndroidManifest.xml:17:1-22:12
MERGED from [androidx.viewpager:viewpager:1.0.0] AndroidManifest.xml:17:1-22:12
MERGED from [androidx.loader:loader:1.0.0] AndroidManifest.xml:17:1-22:12
MERGED from [androidx.activity:activity:1.0.0] AndroidManifest.xml:17:1-24:12
MERGED from [androidx.vectordrawable:vectordrawable-animated:1.1.0] AndroidManifest.xml:17:1-24:12
MERGED from [androidx.vectordrawable:vectordrawable:1.1.0] AndroidManifest.xml:17:1-24:12
MERGED from [androidx.coordinatorlayout:coordinatorlayout:1.0.0] AndroidManifest.xml:17:1-22:12
MERGED from [androidx.slidingpanelayout:slidingpanelayout:1.0.0] AndroidManifest.xml:17:1-22:12
MERGED from [androidx.customview:customview:1.0.0] AndroidManifest.xml:17:1-22:12
MERGED from [androidx.swiperefreshlayout:swiperefreshlayout:1.0.0] AndroidManifest.xml:17:1-22:12
MERGED from [androidx.asynclayoutinflater:asynclayoutinflater:1.0.0] AndroidManifest.xml:17:1-22:12
MERGED from [androidx.core:core:1.1.0] AndroidManifest.xml:17:1-26:12
MERGED from [androidx.cursoradapter:cursoradapter:1.0.0] AndroidManifest.xml:17:1-22:12
MERGED from [androidx.cardview:cardview:1.0.0] AndroidManifest.xml:17:1-22:12
MERGED from [androidx.lifecycle:lifecycle-livedata:2.0.0] AndroidManifest.xml:17:1-22:12
MERGED from [androidx.lifecycle:lifecycle-livedata-core:2.0.0] AndroidManifest.xml:17:1-22:12
MERGED from [androidx.arch.core:core-runtime:2.0.0] AndroidManifest.xml:17:1-22:12
MERGED from [androidx.versionedparcelable:versionedparcelable:1.1.0] AndroidManifest.xml:17:1-27:12
MERGED from [androidx.documentfile:documentfile:1.0.0] AndroidManifest.xml:17:1-22:12
MERGED from [androidx.localbroadcastmanager:localbroadcastmanager:1.0.0] AndroidManifest.xml:17:1-22:12
MERGED from [androidx.print:print:1.0.0] AndroidManifest.xml:17:1-22:12
MERGED from [androidx.interpolator:interpolator:1.0.0] AndroidManifest.xml:17:1-22:12
MERGED from [androidx.lifecycle:lifecycle-process:2.0.0] AndroidManifest.xml:17:1-30:12
MERGED from [androidx.lifecycle:lifecycle-service:2.0.0] AndroidManifest.xml:17:1-22:12
MERGED from [androidx.lifecycle:lifecycle-runtime:2.1.0] AndroidManifest.xml:17:1-22:12
MERGED from [androidx.lifecycle:lifecycle-viewmodel:2.1.0] AndroidManifest.xml:17:1-22:12
MERGED from [androidx.savedstate:savedstate:1.0.0] AndroidManifest.xml:17:1-24:12
INJECTED from src/main/AndroidManifest.xml:2:1-13:12
INJECTED from src/main/AndroidManifest.xml:2:1-13:12
INJECTED from src/main/AndroidManifest.xml:2:1-13:12
	package
		ADDED from src/main/AndroidManifest.xml:2:98-138
		INJECTED from src/main/AndroidManifest.xml
		INJECTED from src/main/AndroidManifest.xml
	android:versionName
		ADDED from src/main/AndroidManifest.xml:2:70-97
		INJECTED from src/main/AndroidManifest.xml
		INJECTED from src/main/AndroidManifest.xml
	android:hardwareAccelerated
		ADDED from src/main/AndroidManifest.xml:2:11-45
	xmlns:android
		ADDED from src/main/AndroidManifest.xml:2:139-197
	android:versionCode
		ADDED from src/main/AndroidManifest.xml:2:46-69
		INJECTED from src/main/AndroidManifest.xml
		INJECTED from src/main/AndroidManifest.xml
supports-screens
ADDED from src/main/AndroidManifest.xml:3:5-191
	android:largeScreens
		ADDED from src/main/AndroidManifest.xml:3:49-76
	android:smallScreens
		ADDED from src/main/AndroidManifest.xml:3:132-159
	android:normalScreens
		ADDED from src/main/AndroidManifest.xml:3:77-105
	android:xlargeScreens
		ADDED from src/main/AndroidManifest.xml:3:160-188
	android:resizeable
		ADDED from src/main/AndroidManifest.xml:3:106-131
	android:anyDensity
		ADDED from src/main/AndroidManifest.xml:3:23-48
uses-permission#android.permission.INTERNET
ADDED from src/main/AndroidManifest.xml:4:5-67
MERGED from [com.github.friendlyscore.fs-android-sdk:fsbase-sdk:1.0.13] AndroidManifest.xml:11:5-67
MERGED from [com.github.friendlyscore.fs-android-sdk:fsbase-sdk:1.0.13] AndroidManifest.xml:11:5-67
	android:name
		ADDED from src/main/AndroidManifest.xml:4:22-64
application
ADDED from src/main/AndroidManifest.xml:5:5-12:19
MERGED from [com.github.friendlyscore.fs-android-sdk:friendlyscore-connect:1.0.13] AndroidManifest.xml:11:5-16:19
MERGED from [com.github.friendlyscore.fs-android-sdk:friendlyscore-connect:1.0.13] AndroidManifest.xml:11:5-16:19
MERGED from [com.github.friendlyscore.fs-android-sdk:openbanking:1.0.13] AndroidManifest.xml:11:5-87:19
MERGED from [com.github.friendlyscore.fs-android-sdk:openbanking:1.0.13] AndroidManifest.xml:11:5-87:19
MERGED from [com.github.friendlyscore.fs-android-sdk:fsbase-sdk:1.0.13] AndroidManifest.xml:14:5-20:19
MERGED from [com.github.friendlyscore.fs-android-sdk:fsbase-sdk:1.0.13] AndroidManifest.xml:14:5-20:19
MERGED from [com.google.android.material:material:1.0.0] AndroidManifest.xml:22:5-20
MERGED from [com.google.android.material:material:1.0.0] AndroidManifest.xml:22:5-20
MERGED from [androidx.constraintlayout:constraintlayout:1.1.3] AndroidManifest.xml:9:5-20
MERGED from [androidx.constraintlayout:constraintlayout:1.1.3] AndroidManifest.xml:9:5-20
MERGED from [androidx.lifecycle:lifecycle-extensions:2.0.0] AndroidManifest.xml:22:5-23:19
MERGED from [androidx.lifecycle:lifecycle-extensions:2.0.0] AndroidManifest.xml:22:5-23:19
MERGED from [androidx.core:core:1.1.0] AndroidManifest.xml:24:5-89
MERGED from [androidx.core:core:1.1.0] AndroidManifest.xml:24:5-89
MERGED from [androidx.versionedparcelable:versionedparcelable:1.1.0] AndroidManifest.xml:24:5-25:19
MERGED from [androidx.versionedparcelable:versionedparcelable:1.1.0] AndroidManifest.xml:24:5-25:19
MERGED from [androidx.lifecycle:lifecycle-process:2.0.0] AndroidManifest.xml:22:5-28:19
MERGED from [androidx.lifecycle:lifecycle-process:2.0.0] AndroidManifest.xml:22:5-28:19
	android:appComponentFactory
		ADDED from [androidx.core:core:1.1.0] AndroidManifest.xml:24:18-86
	android:supportsRtl
		ADDED from src/main/AndroidManifest.xml:5:182-208
	android:label
		ADDED from src/main/AndroidManifest.xml:5:88-120
	android:hardwareAccelerated
		ADDED from src/main/AndroidManifest.xml:5:18-52
	android:icon
		ADDED from src/main/AndroidManifest.xml:5:53-87
	android:networkSecurityConfig
		ADDED from src/main/AndroidManifest.xml:5:121-181
activity#com.demo.friendlyscore.connect.MainActivity
ADDED from src/main/AndroidManifest.xml:6:9-11:20
	android:label
		ADDED from src/main/AndroidManifest.xml:6:136-173
	android:launchMode
		ADDED from src/main/AndroidManifest.xml:6:174-204
	android:windowSoftInputMode
		ADDED from src/main/AndroidManifest.xml:6:296-338
	android:configChanges
		ADDED from src/main/AndroidManifest.xml:6:19-135
	android:theme
		ADDED from src/main/AndroidManifest.xml:6:233-295
	android:name
		ADDED from src/main/AndroidManifest.xml:6:205-232
intent-filter#action:name:android.intent.action.MAIN+category:name:android.intent.category.LAUNCHER
ADDED from src/main/AndroidManifest.xml:7:13-10:29
	android:label
		ADDED from src/main/AndroidManifest.xml:7:28-65
action#android.intent.action.MAIN
ADDED from src/main/AndroidManifest.xml:8:17-69
	android:name
		ADDED from src/main/AndroidManifest.xml:8:25-66
category#android.intent.category.LAUNCHER
ADDED from src/main/AndroidManifest.xml:9:17-77
	android:name
		ADDED from src/main/AndroidManifest.xml:9:27-74
uses-sdk
INJECTED from src/main/AndroidManifest.xml reason: use-sdk injection requested
INJECTED from src/main/AndroidManifest.xml
INJECTED from src/main/AndroidManifest.xml
MERGED from [com.github.friendlyscore.fs-android-sdk:friendlyscore-connect:1.0.13] AndroidManifest.xml:7:5-9:41
MERGED from [com.github.friendlyscore.fs-android-sdk:friendlyscore-connect:1.0.13] AndroidManifest.xml:7:5-9:41
MERGED from [:CordovaLib] AndroidManifest.xml:25:5-44
MERGED from [:CordovaLib] AndroidManifest.xml:25:5-44
MERGED from [com.github.friendlyscore.fs-android-sdk:openbanking:1.0.13] AndroidManifest.xml:7:5-9:41
MERGED from [com.github.friendlyscore.fs-android-sdk:openbanking:1.0.13] AndroidManifest.xml:7:5-9:41
MERGED from [com.github.friendlyscore.fs-android-sdk:fsbase-sdk:1.0.13] AndroidManifest.xml:7:5-9:41
MERGED from [com.github.friendlyscore.fs-android-sdk:fsbase-sdk:1.0.13] AndroidManifest.xml:7:5-9:41
MERGED from [com.google.android.material:material:1.0.0] AndroidManifest.xml:20:5-44
MERGED from [com.google.android.material:material:1.0.0] AndroidManifest.xml:20:5-44
MERGED from [androidx.appcompat:appcompat:1.1.0] AndroidManifest.xml:20:5-22:41
MERGED from [androidx.appcompat:appcompat:1.1.0] AndroidManifest.xml:20:5-22:41
MERGED from [androidx.core:core-ktx:1.1.0] AndroidManifest.xml:5:5-7:41
MERGED from [androidx.core:core-ktx:1.1.0] AndroidManifest.xml:5:5-7:41
MERGED from [androidx.multidex:multidex:2.0.0] AndroidManifest.xml:20:5-43
MERGED from [androidx.multidex:multidex:2.0.0] AndroidManifest.xml:20:5-43
MERGED from [androidx.legacy:legacy-support-v4:1.0.0] AndroidManifest.xml:20:5-44
MERGED from [androidx.legacy:legacy-support-v4:1.0.0] AndroidManifest.xml:20:5-44
MERGED from [androidx.recyclerview:recyclerview:1.0.0] AndroidManifest.xml:20:5-44
MERGED from [androidx.recyclerview:recyclerview:1.0.0] AndroidManifest.xml:20:5-44
MERGED from [androidx.constraintlayout:constraintlayout:1.1.3] AndroidManifest.xml:5:5-7:41
MERGED from [androidx.constraintlayout:constraintlayout:1.1.3] AndroidManifest.xml:5:5-7:41
MERGED from [androidx.lifecycle:lifecycle-extensions:2.0.0] AndroidManifest.xml:20:5-44
MERGED from [androidx.lifecycle:lifecycle-extensions:2.0.0] AndroidManifest.xml:20:5-44
MERGED from [androidx.fragment:fragment:1.1.0] AndroidManifest.xml:20:5-22:41
MERGED from [androidx.fragment:fragment:1.1.0] AndroidManifest.xml:20:5-22:41
MERGED from [androidx.appcompat:appcompat-resources:1.1.0] AndroidManifest.xml:20:5-22:41
MERGED from [androidx.appcompat:appcompat-resources:1.1.0] AndroidManifest.xml:20:5-22:41
MERGED from [androidx.legacy:legacy-support-core-ui:1.0.0] AndroidManifest.xml:20:5-44
MERGED from [androidx.legacy:legacy-support-core-ui:1.0.0] AndroidManifest.xml:20:5-44
MERGED from [androidx.drawerlayout:drawerlayout:1.0.0] AndroidManifest.xml:20:5-44
MERGED from [androidx.drawerlayout:drawerlayout:1.0.0] AndroidManifest.xml:20:5-44
MERGED from [androidx.media:media:1.0.0] AndroidManifest.xml:20:5-44
MERGED from [androidx.media:media:1.0.0] AndroidManifest.xml:20:5-44
MERGED from [androidx.legacy:legacy-support-core-utils:1.0.0] AndroidManifest.xml:20:5-44
MERGED from [androidx.legacy:legacy-support-core-utils:1.0.0] AndroidManifest.xml:20:5-44
MERGED from [androidx.transition:transition:1.0.0] AndroidManifest.xml:20:5-44
MERGED from [androidx.transition:transition:1.0.0] AndroidManifest.xml:20:5-44
MERGED from [androidx.viewpager:viewpager:1.0.0] AndroidManifest.xml:20:5-44
MERGED from [androidx.viewpager:viewpager:1.0.0] AndroidManifest.xml:20:5-44
MERGED from [androidx.loader:loader:1.0.0] AndroidManifest.xml:20:5-44
MERGED from [androidx.loader:loader:1.0.0] AndroidManifest.xml:20:5-44
MERGED from [androidx.activity:activity:1.0.0] AndroidManifest.xml:20:5-22:41
MERGED from [androidx.activity:activity:1.0.0] AndroidManifest.xml:20:5-22:41
MERGED from [androidx.vectordrawable:vectordrawable-animated:1.1.0] AndroidManifest.xml:20:5-22:41
MERGED from [androidx.vectordrawable:vectordrawable-animated:1.1.0] AndroidManifest.xml:20:5-22:41
MERGED from [androidx.vectordrawable:vectordrawable:1.1.0] AndroidManifest.xml:20:5-22:41
MERGED from [androidx.vectordrawable:vectordrawable:1.1.0] AndroidManifest.xml:20:5-22:41
MERGED from [androidx.coordinatorlayout:coordinatorlayout:1.0.0] AndroidManifest.xml:20:5-44
MERGED from [androidx.coordinatorlayout:coordinatorlayout:1.0.0] AndroidManifest.xml:20:5-44
MERGED from [androidx.slidingpanelayout:slidingpanelayout:1.0.0] AndroidManifest.xml:20:5-44
MERGED from [androidx.slidingpanelayout:slidingpanelayout:1.0.0] AndroidManifest.xml:20:5-44
MERGED from [androidx.customview:customview:1.0.0] AndroidManifest.xml:20:5-44
MERGED from [androidx.customview:customview:1.0.0] AndroidManifest.xml:20:5-44
MERGED from [androidx.swiperefreshlayout:swiperefreshlayout:1.0.0] AndroidManifest.xml:20:5-44
MERGED from [androidx.swiperefreshlayout:swiperefreshlayout:1.0.0] AndroidManifest.xml:20:5-44
MERGED from [androidx.asynclayoutinflater:asynclayoutinflater:1.0.0] AndroidManifest.xml:20:5-44
MERGED from [androidx.asynclayoutinflater:asynclayoutinflater:1.0.0] AndroidManifest.xml:20:5-44
MERGED from [androidx.core:core:1.1.0] AndroidManifest.xml:20:5-22:41
MERGED from [androidx.core:core:1.1.0] AndroidManifest.xml:20:5-22:41
MERGED from [androidx.cursoradapter:cursoradapter:1.0.0] AndroidManifest.xml:20:5-44
MERGED from [androidx.cursoradapter:cursoradapter:1.0.0] AndroidManifest.xml:20:5-44
MERGED from [androidx.cardview:cardview:1.0.0] AndroidManifest.xml:20:5-44
MERGED from [androidx.cardview:cardview:1.0.0] AndroidManifest.xml:20:5-44
MERGED from [androidx.lifecycle:lifecycle-livedata:2.0.0] AndroidManifest.xml:20:5-44
MERGED from [androidx.lifecycle:lifecycle-livedata:2.0.0] AndroidManifest.xml:20:5-44
MERGED from [androidx.lifecycle:lifecycle-livedata-core:2.0.0] AndroidManifest.xml:20:5-44
MERGED from [androidx.lifecycle:lifecycle-livedata-core:2.0.0] AndroidManifest.xml:20:5-44
MERGED from [androidx.arch.core:core-runtime:2.0.0] AndroidManifest.xml:20:5-44
MERGED from [androidx.arch.core:core-runtime:2.0.0] AndroidManifest.xml:20:5-44
MERGED from [androidx.versionedparcelable:versionedparcelable:1.1.0] AndroidManifest.xml:20:5-22:41
MERGED from [androidx.versionedparcelable:versionedparcelable:1.1.0] AndroidManifest.xml:20:5-22:41
MERGED from [androidx.documentfile:documentfile:1.0.0] AndroidManifest.xml:20:5-44
MERGED from [androidx.documentfile:documentfile:1.0.0] AndroidManifest.xml:20:5-44
MERGED from [androidx.localbroadcastmanager:localbroadcastmanager:1.0.0] AndroidManifest.xml:20:5-44
MERGED from [androidx.localbroadcastmanager:localbroadcastmanager:1.0.0] AndroidManifest.xml:20:5-44
MERGED from [androidx.print:print:1.0.0] AndroidManifest.xml:20:5-44
MERGED from [androidx.print:print:1.0.0] AndroidManifest.xml:20:5-44
MERGED from [androidx.interpolator:interpolator:1.0.0] AndroidManifest.xml:20:5-44
MERGED from [androidx.interpolator:interpolator:1.0.0] AndroidManifest.xml:20:5-44
MERGED from [androidx.lifecycle:lifecycle-process:2.0.0] AndroidManifest.xml:20:5-44
MERGED from [androidx.lifecycle:lifecycle-process:2.0.0] AndroidManifest.xml:20:5-44
MERGED from [androidx.lifecycle:lifecycle-service:2.0.0] AndroidManifest.xml:20:5-44
MERGED from [androidx.lifecycle:lifecycle-service:2.0.0] AndroidManifest.xml:20:5-44
MERGED from [androidx.lifecycle:lifecycle-runtime:2.1.0] AndroidManifest.xml:20:5-44
MERGED from [androidx.lifecycle:lifecycle-runtime:2.1.0] AndroidManifest.xml:20:5-44
MERGED from [androidx.lifecycle:lifecycle-viewmodel:2.1.0] AndroidManifest.xml:20:5-44
MERGED from [androidx.lifecycle:lifecycle-viewmodel:2.1.0] AndroidManifest.xml:20:5-44
MERGED from [androidx.savedstate:savedstate:1.0.0] AndroidManifest.xml:20:5-22:41
MERGED from [androidx.savedstate:savedstate:1.0.0] AndroidManifest.xml:20:5-22:41
INJECTED from src/main/AndroidManifest.xml
INJECTED from src/main/AndroidManifest.xml
	android:targetSdkVersion
		INJECTED from src/main/AndroidManifest.xml
		ADDED from src/main/AndroidManifest.xml
		INJECTED from src/main/AndroidManifest.xml
	android:minSdkVersion
		INJECTED from src/main/AndroidManifest.xml
		ADDED from src/main/AndroidManifest.xml
		INJECTED from src/main/AndroidManifest.xml
activity#com.friendlyscore.ui.obp.FriendlyScoreView
ADDED from [com.github.friendlyscore.fs-android-sdk:friendlyscore-connect:1.0.13] AndroidManifest.xml:12:9-15:59
	android:windowSoftInputMode
		ADDED from [com.github.friendlyscore.fs-android-sdk:friendlyscore-connect:1.0.13] AndroidManifest.xml:15:13-56
	android:theme
		ADDED from [com.github.friendlyscore.fs-android-sdk:friendlyscore-connect:1.0.13] AndroidManifest.xml:14:13-55
	android:name
		ADDED from [com.github.friendlyscore.fs-android-sdk:friendlyscore-connect:1.0.13] AndroidManifest.xml:13:13-70
activity#com.friendlyscore.openbanking.BankDetailActivity
ADDED from [com.github.friendlyscore.fs-android-sdk:openbanking:1.0.13] AndroidManifest.xml:12:9-15:60
	android:label
		ADDED from [com.github.friendlyscore.fs-android-sdk:openbanking:1.0.13] AndroidManifest.xml:14:13-63
	android:theme
		ADDED from [com.github.friendlyscore.fs-android-sdk:openbanking:1.0.13] AndroidManifest.xml:15:13-57
	android:name
		ADDED from [com.github.friendlyscore.fs-android-sdk:openbanking:1.0.13] AndroidManifest.xml:13:13-76
activity#com.friendlyscore.openbanking.ConnectedBanksActivity
ADDED from [com.github.friendlyscore.fs-android-sdk:openbanking:1.0.13] AndroidManifest.xml:16:9-18:60
	android:theme
		ADDED from [com.github.friendlyscore.fs-android-sdk:openbanking:1.0.13] AndroidManifest.xml:18:13-57
	android:name
		ADDED from [com.github.friendlyscore.fs-android-sdk:openbanking:1.0.13] AndroidManifest.xml:17:13-80
activity#com.friendlyscore.openbanking.BankConnectThankYouRedirect
ADDED from [com.github.friendlyscore.fs-android-sdk:openbanking:1.0.13] AndroidManifest.xml:19:9-34:20
	android:parentActivityName
		ADDED from [com.github.friendlyscore.fs-android-sdk:openbanking:1.0.13] AndroidManifest.xml:21:13-98
	android:theme
		ADDED from [com.github.friendlyscore.fs-android-sdk:openbanking:1.0.13] AndroidManifest.xml:22:13-57
	android:name
		ADDED from [com.github.friendlyscore.fs-android-sdk:openbanking:1.0.13] AndroidManifest.xml:20:13-85
intent-filter#action:name:android.intent.action.VIEW+category:name:android.intent.category.BROWSABLE+category:name:android.intent.category.DEFAULT+data:host:@string/fs_open_banking_host+data:path:@string/fs_open_banking_success_path+data:scheme:@string/fs_app_redirect_scheme
ADDED from [com.github.friendlyscore.fs-android-sdk:openbanking:1.0.13] AndroidManifest.xml:23:13-33:29
	android:label
		ADDED from [com.github.friendlyscore.fs-android-sdk:openbanking:1.0.13] AndroidManifest.xml:23:28-57
action#android.intent.action.VIEW
ADDED from [com.github.friendlyscore.fs-android-sdk:openbanking:1.0.13] AndroidManifest.xml:24:17-69
	android:name
		ADDED from [com.github.friendlyscore.fs-android-sdk:openbanking:1.0.13] AndroidManifest.xml:24:25-66
category#android.intent.category.DEFAULT
ADDED from [com.github.friendlyscore.fs-android-sdk:openbanking:1.0.13] AndroidManifest.xml:26:17-76
	android:name
		ADDED from [com.github.friendlyscore.fs-android-sdk:openbanking:1.0.13] AndroidManifest.xml:26:27-73
category#android.intent.category.BROWSABLE
ADDED from [com.github.friendlyscore.fs-android-sdk:openbanking:1.0.13] AndroidManifest.xml:27:17-78
	android:name
		ADDED from [com.github.friendlyscore.fs-android-sdk:openbanking:1.0.13] AndroidManifest.xml:27:27-75
data
ADDED from [com.github.friendlyscore.fs-android-sdk:openbanking:1.0.13] AndroidManifest.xml:29:17-32:71
	android:path
		ADDED from [com.github.friendlyscore.fs-android-sdk:openbanking:1.0.13] AndroidManifest.xml:31:21-72
	android:host
		ADDED from [com.github.friendlyscore.fs-android-sdk:openbanking:1.0.13] AndroidManifest.xml:30:21-64
	android:scheme
		ADDED from [com.github.friendlyscore.fs-android-sdk:openbanking:1.0.13] AndroidManifest.xml:32:21-68
activity#com.friendlyscore.openbanking.BankConnectErrorRedirect
ADDED from [com.github.friendlyscore.fs-android-sdk:openbanking:1.0.13] AndroidManifest.xml:54:9-70:20
	android:parentActivityName
		ADDED from [com.github.friendlyscore.fs-android-sdk:openbanking:1.0.13] AndroidManifest.xml:57:13-98
	android:launchMode
		ADDED from [com.github.friendlyscore.fs-android-sdk:openbanking:1.0.13] AndroidManifest.xml:56:13-43
	android:theme
		ADDED from [com.github.friendlyscore.fs-android-sdk:openbanking:1.0.13] AndroidManifest.xml:58:13-57
	android:name
		ADDED from [com.github.friendlyscore.fs-android-sdk:openbanking:1.0.13] AndroidManifest.xml:55:13-82
intent-filter#action:name:android.intent.action.VIEW+category:name:android.intent.category.BROWSABLE+category:name:android.intent.category.DEFAULT+data:host:@string/fs_open_banking_host+data:path:@string/fs_open_banking_error_path+data:scheme:@string/fs_app_redirect_scheme
ADDED from [com.github.friendlyscore.fs-android-sdk:openbanking:1.0.13] AndroidManifest.xml:59:13-69:29
	android:label
		ADDED from [com.github.friendlyscore.fs-android-sdk:openbanking:1.0.13] AndroidManifest.xml:59:28-57
activity#com.friendlyscore.openbanking.BankConnectConsentActivity
ADDED from [com.github.friendlyscore.fs-android-sdk:openbanking:1.0.13] AndroidManifest.xml:71:9-86:20
	android:launchMode
		ADDED from [com.github.friendlyscore.fs-android-sdk:openbanking:1.0.13] AndroidManifest.xml:73:13-43
	android:theme
		ADDED from [com.github.friendlyscore.fs-android-sdk:openbanking:1.0.13] AndroidManifest.xml:74:13-57
	android:name
		ADDED from [com.github.friendlyscore.fs-android-sdk:openbanking:1.0.13] AndroidManifest.xml:72:13-84
uses-permission#android.permission.ACCESS_NETWORK_STATE
ADDED from [com.github.friendlyscore.fs-android-sdk:fsbase-sdk:1.0.13] AndroidManifest.xml:12:5-79
	android:name
		ADDED from [com.github.friendlyscore.fs-android-sdk:fsbase-sdk:1.0.13] AndroidManifest.xml:12:22-76
activity#com.friendlyscore.base.ui.ScoreCategoryItemActivity
ADDED from [com.github.friendlyscore.fs-android-sdk:fsbase-sdk:1.0.13] AndroidManifest.xml:15:9-19:20
	android:hardwareAccelerated
		ADDED from [com.github.friendlyscore.fs-android-sdk:fsbase-sdk:1.0.13] AndroidManifest.xml:17:13-48
	android:theme
		ADDED from [com.github.friendlyscore.fs-android-sdk:fsbase-sdk:1.0.13] AndroidManifest.xml:18:13-55
	android:name
		ADDED from [com.github.friendlyscore.fs-android-sdk:fsbase-sdk:1.0.13] AndroidManifest.xml:16:13-79
provider#androidx.lifecycle.ProcessLifecycleOwnerInitializer
ADDED from [androidx.lifecycle:lifecycle-process:2.0.0] AndroidManifest.xml:23:9-27:43
	android:authorities
		ADDED from [androidx.lifecycle:lifecycle-process:2.0.0] AndroidManifest.xml:25:13-69
	android:multiprocess
		ADDED from [androidx.lifecycle:lifecycle-process:2.0.0] AndroidManifest.xml:27:13-40
	android:exported
		ADDED from [androidx.lifecycle:lifecycle-process:2.0.0] AndroidManifest.xml:26:13-37
	android:name
		ADDED from [androidx.lifecycle:lifecycle-process:2.0.0] AndroidManifest.xml:24:13-79